Flutter crash report.
Please report a bug at https://github.com/flutter/flutter/issues.

## command

flutter create --template app --overwrite .

## exception

FileSystemException: FileSystemException: readInto failed, path = '/Users/aashishshah/Desktop/batch_31b/lib/flutter/packages/flutter_tools/templates/app_shared/macos.tmpl/Runner/Configs/Release.xcconfig' (OS Error: Operation timed out, errno = 60)

```
#0      _RandomAccessFile.readIntoSync (dart:io/file_impl.dart:834:7)
#1      ErrorHandlingFile.copySync.<anonymous closure> (package:flutter_tools/src/base/error_handling_io.dart:344:42)
#2      _runSync (package:flutter_tools/src/base/error_handling_io.dart:590:14)
#3      ErrorHandlingFile.copySync (package:flutter_tools/src/base/error_handling_io.dart:333:5)
#4      Template.render.<anonymous closure> (package:flutter_tools/src/template.dart:340:18)
#5      _LinkedHashMapMixin.forEach (dart:collection-patch/compact_hash.dart:625:13)
#6      Template.render (package:flutter_tools/src/template.dart:248:24)
#7      CreateBase.renderMerged (package:flutter_tools/src/commands/create_base.dart:480:21)
<asynchronous suspension>
#8      CreateBase.generateApp (package:flutter_tools/src/commands/create_base.dart:503:23)
<asynchronous suspension>
#9      CreateCommand.runCommand (package:flutter_tools/src/commands/create.dart:343:31)
<asynchronous suspension>
#10     FlutterCommand.run.<anonymous closure> (package:flutter_tools/src/runner/flutter_command.dart:1297:27)
<asynchronous suspension>
#11     AppContext.run.<anonymous closure> (package:flutter_tools/src/base/context.dart:150:19)
<asynchronous suspension>
#12     CommandRunner.runCommand (package:args/command_runner.dart:212:13)
<asynchronous suspension>
#13     FlutterCommandRunner.runCommand.<anonymous closure> (package:flutter_tools/src/runner/flutter_command_runner.dart:339:9)
<asynchronous suspension>
#14     AppContext.run.<anonymous closure> (package:flutter_tools/src/base/context.dart:150:19)
<asynchronous suspension>
#15     FlutterCommandRunner.runCommand (package:flutter_tools/src/runner/flutter_command_runner.dart:285:5)
<asynchronous suspension>
#16     run.<anonymous closure>.<anonymous closure> (package:flutter_tools/runner.dart:115:9)
<asynchronous suspension>
#17     AppContext.run.<anonymous closure> (package:flutter_tools/src/base/context.dart:150:19)
<asynchronous suspension>
#18     main (package:flutter_tools/executable.dart:90:3)
<asynchronous suspension>
```

## flutter doctor

```
[!] Flutter (Channel stable, 3.13.6, on macOS 14.1.2 23B92 darwin-arm64, locale en-NP)
    • Flutter version 3.13.6 on channel stable at /Users/aashishshah/Desktop/batch_31b/lib/flutter
    ! The flutter binary is not on your path. Consider adding /Users/aashishshah/Desktop/batch_31b/lib/flutter/bin to your path.
    ! The dart binary is not on your path. Consider adding /Users/aashishshah/Desktop/batch_31b/lib/flutter/bin to your path.
    • Upstream repository https://github.com/flutter/flutter.git
    • Framework revision ead455963c (10 weeks ago), 2023-09-26 18:28:17 -0700
    • Engine revision a794cf2681
    • Dart version 3.1.3
    • DevTools version 2.25.0
    • If those were intentional, you can disregard the above warnings; however it is recommended to use "git" directly to perform update checks and upgrades.

[✓] Android toolchain - develop for Android devices (Android SDK version 33.0.2)
    • Android SDK at /Users/aashishshah/Library/Android/sdk
    • Platform android-33, build-tools 33.0.2
    • Java binary at: /Applications/Android Studio.app/Contents/jbr/Contents/Home/bin/java
    • Java version OpenJDK Runtime Environment (build 17.0.6+0-17.0.6b829.9-10027231)
    • All Android licenses accepted.

[✓] Xcode - develop for iOS and macOS (Xcode 15.0.1)
    • Xcode at /Applications/Xcode.app/Contents/Developer
    • Build 15A507
    • CocoaPods version 1.11.3

[✓] Chrome - develop for the web
    • Chrome at /Applications/Google Chrome.app/Contents/MacOS/Google Chrome

[✓] Android Studio (version 2022.3)
    • Android Studio at /Applications/Android Studio.app/Contents
    • Flutter plugin can be installed from:
      🔨 https://plugins.jetbrains.com/plugin/9212-flutter
    • Dart plugin can be installed from:
      🔨 https://plugins.jetbrains.com/plugin/6351-dart
    • Java version OpenJDK Runtime Environment (build 17.0.6+0-17.0.6b829.9-10027231)

[✓] IntelliJ IDEA Ultimate Edition (version 2022.3.2)
    • IntelliJ at /Applications/IntelliJ IDEA.app
    • Flutter plugin can be installed from:
      🔨 https://plugins.jetbrains.com/plugin/9212-flutter
    • Dart plugin can be installed from:
      🔨 https://plugins.jetbrains.com/plugin/6351-dart

[✓] IntelliJ IDEA Community Edition (version 2022.3.2)
    • IntelliJ at /Applications/IntelliJ IDEA CE.app
    • Flutter plugin version 72.1.4
    • Dart plugin version 223.8617.8

[✓] VS Code (version 1.84.2)
    • VS Code at /Applications/Visual Studio Code.app/Contents
    • Flutter extension version 3.78.0

[✓] Connected device (2 available)
    • macOS (desktop) • macos  • darwin-arm64   • macOS 14.1.2 23B92 darwin-arm64
    • Chrome (web)    • chrome • web-javascript • Google Chrome 119.0.6045.199

[!] Network resources
    ✗ A network error occurred while checking "https://pub.dev/": Failed host lookup: 'pub.dev'
    ✗ A network error occurred while checking "https://storage.googleapis.com/": Failed host lookup: 'storage.googleapis.com'
    ✗ A network error occurred while checking "https://maven.google.com/": Failed host lookup: 'maven.google.com'
    ✗ A network error occurred while checking "https://cocoapods.org/": Failed host lookup: 'cocoapods.org'
    ✗ A network error occurred while checking "https://github.com/": Failed host lookup: 'github.com'

! Doctor found issues in 2 categories.
```
